<?xml version="1.0" encoding="UTF-8" ?>
<testsuite tests="12" failures="0" name="com.webapp.redsocial.RunTest" time="0.084" errors="0" skipped="3">
  <properties>
[...]
</properties>
  <testcase classname="Given Un usuario y password   " name="Given Un usuario y password   " time="0.002"/>
  <testcase classname="When usuario correcto y password correcta    " name="When usuario correcto y password correcta    " time="0"/>
  <testcase classname="Then se loguea     " name="Then se loguea     " time="0"/>
  <testcase classname="Scenario: Login correcto de un usuario  " name="Scenario: Login correcto de un usuario  " time="0.002"/>
  <testcase classname="Given Un usuario y una password       " name="Given Un usuario y una password       " time="0.013">
    <skipped/>
    <system-out>
  @Scenario2
  Scenario: Login incorrecto de usuario               &amp;#27;[90m# com\webapp\redsocial\Cucumber.feature:11&amp;#27;[0m
    &amp;#27;[90mGiven &amp;#27;[0m&amp;#27;[90mUn usuario y una password&amp;#27;[0m
</system-out>
  </testcase>
  <testcase classname="When Usuario incorrecto y una password incorrecta        " name="When Usuario incorrecto y una password incorrecta        " time="0.017">
    <skipped/>
    <system-out>&amp;#27;[1A    &amp;#27;[33mGiven &amp;#27;[0m&amp;#27;[33mUn usuario y una password&amp;#27;[0m
    &amp;#27;[90mWhen &amp;#27;[0m&amp;#27;[90mUsuario incorrecto y una password incorrecta&amp;#27;[0m &amp;#27;[90m# annotation.Usuario_incorrecto_y_una_password_incorrecta()&amp;#27;[0m
</system-out>
  </testcase>
  <testcase classname="Then no se loguea         " name="Then no se loguea         " time="0.023">
    <skipped/>
    <system-out>&amp;#27;[1A    &amp;#27;[36mWhen &amp;#27;[0m&amp;#27;[36mUsuario incorrecto y una password incorrecta&amp;#27;[0m &amp;#27;[90m# annotation.Usuario_incorrecto_y_una_password_incorrecta()&amp;#27;[0m
    &amp;#27;[90mThen &amp;#27;[0m&amp;#27;[90mno se loguea&amp;#27;[0m                                 &amp;#27;[90m# annotation.no_se_loguea()&amp;#27;[0m
</system-out>
  </testcase>
  <testcase classname="Scenario: Login incorrecto de usuario      " name="Scenario: Login incorrecto de usuario      " time="0.025"/>
  <testcase classname="Given Un nombre, un email, una pwduno y una pwddos           " name="Given Un nombre, un email, una pwduno y una pwddos           " time="0"/>
  <testcase classname="When pwduno es igual a pwddos            " name="When pwduno es igual a pwddos            " time="0"/>
  <testcase classname="Then se registra             " name="Then se registra             " time="0"/>
  <testcase classname="Scenario: Registro correcto de un usuario          " name="Scenario: Registro correcto de un usuario          " time="0.002"/>
</testsuite>